2023-08-26 13:15:58,987, INFO, 1 баланс пополнен на 1000$, на вашем счете: 10290.0$
2023-08-26 13:16:45,479, ERROR, Ошибка ввода: invalid literal for int() with base 10: 'выа'
2023-08-26 13:16:45,479, ERROR, Ошибка: сумма должна быть кратна 50 у.е.
2023-08-26 13:19:40,819, ERROR, id=1 Ошибка: сумма должна быть кратна 50 у.е.
2023-08-26 13:20:05,914, INFO, 1 баланс пополнен на 5000$, на вашем счете: 15320.0$
2023-08-26 13:20:27,189, INFO, 1 баланс пополнен на 5000$, на вашем счете: 20320.0$
2023-08-26 13:27:38,474, INFO, 1 Выдано наличных 970$, Остаток на балансе: 19320.0
2023-08-26 13:27:38,475, INFO, id=1 За 3-ри выполненные операции, начислено 3% к сумме последней операции. Баланс: 19350.0$
2023-08-26 13:28:10,309, ERROR, id=1 Ошибка: сумма должна быть кратна 50 у.е.
2023-08-26 13:30:54,955, INFO, 1 баланс пополнен на 1000$, на вашем счете: 20350.0$
2023-08-26 13:31:28,719, INFO, 1 баланс пополнен на 1000$, на вашем счете: 21350.0$
2023-08-26 13:36:54,176, INFO, 1 баланс пополнен на 1000$, на вашем счете: 22350.0$
2023-08-26 13:36:54,178, INFO, id=1 За 3-ри выполненные операции, начислено 3% к сумме последней операции. Баланс: 22380.0$
2023-08-26 13:37:23,321, INFO, 1 баланс пополнен на 1000$, на вашем счете: 23380.0$
2023-08-26 13:38:51,512, INFO, id=1 Баланс пополнен на 1000$, на вашем счете: 24380.0$
2023-08-26 13:41:06,970, INFO, id=2 Баланс пополнен на 1000$, на вашем счете: 4457000.0$
2023-08-26 13:41:06,972, INFO, id=2 За 3-ри выполненные операции, начислено 3% к сумме последней операции. Баланс: 4457030.0$
2023-08-26 13:41:34,202, INFO, 2 Выдано наличных 1970.0$, Остаток на балансе: 4455030.0
2023-08-26 13:42:00,083, ERROR, id=2 Ошибка ввода: invalid literal for int() with base 10: 'ew'
2023-08-26 13:42:00,084, ERROR, id=2 Ошибка: сумма должна быть кратна 50 у.е.
2023-08-26 13:49:39,252, INFO, id=1 Баланс пополнен на 10000$, на вашем счете: 34380.0$
2023-08-26 13:49:39,254, INFO, id=1 За 3-ри выполненные операции, начислено 3% к сумме последней операции. Баланс: 34680.0$
2023-08-26 13:53:39,417, INFO, Вход клиента: id=3
2023-08-26 13:56:23,362, ERROR, Клиент не существует! 1
2023-08-26 13:56:49,902, INFO, Вход клиента: id=4
2023-08-26 13:59:14,390, INFO, Вход клиента: id=1
2023-08-26 13:59:29,417, INFO, Вход клиента: id=1
2023-08-26 14:00:16,066, INFO, Вход клиента: id=1
2023-08-26 14:00:17,534, INFO, id=1 Работа с банкоматом завершена
